Scraping Rochester Supernova page...
Traceback (most recent call last):
  File "/Volumes/VIXinSSD/astra-discoveries/astra_env/lib/python3.14/site-packages/pandas/core/indexes/base.py", line 3812, in get_loc
    return self._engine.get_loc(casted_key)
           ~~~~~~~~~~~~~~~~~~~~^^^^^^^^^^^^
  File "pandas/_libs/index.pyx", line 167, in pandas._libs.index.IndexEngine.get_loc
  File "pandas/_libs/index.pyx", line 196, in pandas._libs.index.IndexEngine.get_loc
  File "pandas/_libs/hashtable_class_helper.pxi", line 7088, in pandas._libs.hashtable.PyObjectHashTable.get_item
  File "pandas/_libs/hashtable_class_helper.pxi", line 7096, in pandas._libs.hashtable.PyObjectHashTable.get_item
KeyError: 'date'

The above exception was the direct cause of the following exception:

Traceback (most recent call last):
  File "/Volumes/VIXinSSD/astra-discoveries/src/transient_scraper.py", line 152, in <module>
    df = get_recent_transients(30)
  File "/Volumes/VIXinSSD/astra-discoveries/src/transient_scraper.py", line 142, in get_recent_transients
    rochester_data['date'] = pd.to_datetime(rochester_data['date'], errors='coerce')
                                            ~~~~~~~~~~~~~~^^^^^^^^
  File "/Volumes/VIXinSSD/astra-discoveries/astra_env/lib/python3.14/site-packages/pandas/core/frame.py", line 4113, in __getitem__
    indexer = self.columns.get_loc(key)
  File "/Volumes/VIXinSSD/astra-discoveries/astra_env/lib/python3.14/site-packages/pandas/core/indexes/base.py", line 3819, in get_loc
    raise KeyError(key) from err
KeyError: 'date'
